<?xml version="1.0" encoding="UTF-8"?>
<!-- Generated by org.testng.reporters.JUnitReportReporter -->
<testsuite name="testcases.Tc_001" tests="1" time="31.818" ignored="0" failures="0" timestamp="01 May 2020 15:35:41 GMT" skipped="0" hostname="DESKTOP-NQKS19H" errors="0">
  <testcase name="testcase1" time="31.818" classname="testcases.Tc_001"/>
</testsuite> <!-- testcases.Tc_001 -->
